[16:38:08] [ServerMain/INFO]: Environment: Environment[accountsHost=https://api.mojang.com, sessionHost=https://sessionserver.mojang.com, servicesHost=https://api.minecraftservices.com, name=PROD]
[16:38:11] [ServerMain/INFO]: Loaded 7 recipes
[16:38:13] [Server thread/INFO]: Starting minecraft server version 1.20.2
[16:38:13] [Server thread/INFO]: Loading properties
[16:38:13] [Server thread/INFO]: This server is running CraftBukkit version 3940-Spigot-7de1049-eeb7dfc (MC: 1.20.2) (Implementing API version 1.20.2-R0.1-SNAPSHOT)
[16:38:14] [Server thread/WARN]: Unable to read file banned-ips.json, backing it up to {0}.backup and creating new copy.
com.google.gson.JsonSyntaxException: Expected a com.google.gson.JsonArray but was com.google.gson.JsonPrimitive; at path $
	at com.google.gson.internal.bind.TypeAdapters$34$1.read(TypeAdapters.java:1010) ~[gson-2.10.1.jar:?]
	at com.google.gson.Gson.fromJson(Gson.java:1227) ~[gson-2.10.1.jar:?]
	at com.google.gson.Gson.fromJson(Gson.java:1137) ~[gson-2.10.1.jar:?]
	at com.google.gson.Gson.fromJson(Gson.java:1075) ~[gson-2.10.1.jar:?]
	at net.minecraft.server.players.JsonList.f(JsonList.java:161) ~[spigot-1.20.2-R0.1-SNAPSHOT.jar:3940-Spigot-7de1049-eeb7dfc]
	at net.minecraft.server.dedicated.DedicatedPlayerList.y(SourceFile:77) ~[spigot-1.20.2-R0.1-SNAPSHOT.jar:3940-Spigot-7de1049-eeb7dfc]
	at net.minecraft.server.dedicated.DedicatedPlayerList.<init>(SourceFile:26) ~[spigot-1.20.2-R0.1-SNAPSHOT.jar:3940-Spigot-7de1049-eeb7dfc]
	at net.minecraft.server.dedicated.DedicatedServer.e(DedicatedServer.java:183) ~[spigot-1.20.2-R0.1-SNAPSHOT.jar:3940-Spigot-7de1049-eeb7dfc]
	at net.minecraft.server.MinecraftServer.w(MinecraftServer.java:954) ~[spigot-1.20.2-R0.1-SNAPSHOT.jar:3940-Spigot-7de1049-eeb7dfc]
	at net.minecraft.server.MinecraftServer.lambda$0(MinecraftServer.java:298) ~[spigot-1.20.2-R0.1-SNAPSHOT.jar:3940-Spigot-7de1049-eeb7dfc]
	at java.lang.Thread.run(Thread.java:840) ~[?:?]
[16:38:14] [Server thread/INFO]: Server Ping Player Sample Count: 12
[16:38:14] [Server thread/INFO]: Using 4 threads for Netty based IO
[16:38:14] [Server thread/INFO]: Debug logging is disabled
[16:38:14] [Server thread/INFO]: Default game type: SURVIVAL
[16:38:14] [Server thread/INFO]: Generating keypair
[16:38:14] [Server thread/INFO]: Starting Minecraft server on *:25565
[16:38:14] [Server thread/INFO]: Using epoll channel type
[16:38:14] [Server thread/ERROR]: Could not load 'plugins/TownyAddon-1.0.5.jar' in folder 'plugins'
org.bukkit.plugin.InvalidDescriptionException: Invalid plugin.yml
	at org.bukkit.plugin.java.JavaPluginLoader.getPluginDescription(JavaPluginLoader.java:170) ~[spigot-api-1.20.2-R0.1-SNAPSHOT.jar:?]
	at org.bukkit.plugin.SimplePluginManager.loadPlugins(SimplePluginManager.java:144) ~[spigot-api-1.20.2-R0.1-SNAPSHOT.jar:?]
	at org.bukkit.craftbukkit.v1_20_R2.CraftServer.loadPlugins(CraftServer.java:437) ~[spigot-1.20.2-R0.1-SNAPSHOT.jar:3940-Spigot-7de1049-eeb7dfc]
	at net.minecraft.server.dedicated.DedicatedServer.e(DedicatedServer.java:219) ~[spigot-1.20.2-R0.1-SNAPSHOT.jar:3940-Spigot-7de1049-eeb7dfc]
	at net.minecraft.server.MinecraftServer.w(MinecraftServer.java:954) ~[spigot-1.20.2-R0.1-SNAPSHOT.jar:3940-Spigot-7de1049-eeb7dfc]
	at net.minecraft.server.MinecraftServer.lambda$0(MinecraftServer.java:298) ~[spigot-1.20.2-R0.1-SNAPSHOT.jar:3940-Spigot-7de1049-eeb7dfc]
	at java.lang.Thread.run(Thread.java:840) ~[?:?]
Caused by: java.io.FileNotFoundException: Jar does not contain plugin.yml
	... 7 more
[16:38:14] [Server thread/INFO]: [ProtocolLib] Loading ProtocolLib v5.1.0
[16:38:15] [Server thread/WARN]: [ProtocolLib] Version (MC: 1.20.2) has not yet been tested! Proceed with caution.
[16:38:17] [Server thread/ERROR]:   [ProtocolLib] INTERNAL ERROR: Cannot load ProtocolLib.
  If this problem hasn't already been reported, please open a ticket
  at https://github.com/dmulloy2/ProtocolLib/issues with the following data:
  Stack Trace:
  java.lang.IllegalArgumentException: Unable to find a field that matches {modifiers=[required: 10000, banned: 1000], type={ type input instanceof interface java.util.Map }}
  	at com.comphenix.protocol.reflect.FuzzyReflection.getField(FuzzyReflection.java:352)
  	at com.comphenix.protocol.injector.packet.PacketRegistry.createNewRegister(PacketRegistry.java:188)
  	at com.comphenix.protocol.injector.packet.PacketRegistry.initialize(PacketRegistry.java:292)
  	at com.comphenix.protocol.injector.packet.PacketRegistry.getClientPacketTypes(PacketRegistry.java:327)
  	at com.comphenix.protocol.injector.PacketFilterManager.<init>(PacketFilterManager.java:120)
  	at com.comphenix.protocol.injector.PacketFilterBuilder.build(PacketFilterBuilder.java:121)
  	at com.comphenix.protocol.ProtocolLib.onLoad(ProtocolLib.java:183)
  	at org.bukkit.craftbukkit.v1_20_R2.CraftServer.loadPlugins(CraftServer.java:442)
  	at net.minecraft.server.dedicated.DedicatedServer.e(DedicatedServer.java:219)
  	at net.minecraft.server.MinecraftServer.w(MinecraftServer.java:954)
  	at net.minecraft.server.MinecraftServer.lambda$0(MinecraftServer.java:298)
  	at java.base/java.lang.Thread.run(Thread.java:840)
  Dump:
  Parameters: 
    [NULL]
  Sender:
    com.comphenix.protocol.ProtocolLib@7398d92b[
      statistics=<null>
      packetTask=<null>
      tickCounter=0
      configExpectedMod=-1
      updater=com.comphenix.protocol.updater.SpigotUpdater@ef8e1b5
      redirectHandler=<null>
      scheduler=com.comphenix.protocol.scheduler.DefaultScheduler@47570e82
      commandProtocol=<null>
      commandPacket=<null>
      commandFilter=<null>
      packetLogging=<null>
      skipDisable=false
      isEnabled=false
      loader=org.bukkit.plugin.java.JavaPluginLoader@36d24777
      server=CraftServer{serverName=CraftBukkit,serverVersion=3940-Spigot-7de1049-eeb7dfc,minecraftVersion=1.20.2}
      file=plugins/ProtocolLib.jar
      description=org.bukkit.plugin.PluginDescriptionFile@4a8a3d9d
      dataFolder=plugins/ProtocolLib
      classLoader=org.bukkit.plugin.java.PluginClassLoader@77b0d567
      naggable=true
      newConfig=YamlConfiguration[path='', root='YamlConfiguration']
      configFile=plugins/ProtocolLib/config.yml
      logger=org.bukkit.plugin.PluginLogger@111b1962
    ]
  Version:
    ProtocolLib v5.1.0
  Java Version:
    17.0.9
  Server:
    3940-Spigot-7de1049-eeb7dfc (MC: 1.20.2)

[16:38:17] [Server thread/INFO]: [LoginSecurity] Loading LoginSecurity v3.2.1
[16:38:17] [Server thread/INFO]: [ProtocolLib] Enabling ProtocolLib v5.1.0
[16:38:17] [Server thread/ERROR]: ******************************************************
[16:38:17] [Server thread/ERROR]: *** ProtocolLib does not support plugin reloaders! ***
[16:38:17] [Server thread/ERROR]: *** Please use the built-in reload command!        ***
[16:38:17] [Server thread/ERROR]: ******************************************************
[16:38:17] [Server thread/INFO]: [ProtocolLib] Disabling ProtocolLib v5.1.0
[16:38:17] [Server thread/WARN]: **** SERVER IS RUNNING IN OFFLINE/INSECURE MODE!
[16:38:17] [Server thread/WARN]: The server will make no attempt to authenticate usernames. Beware.
[16:38:17] [Server thread/WARN]: While this makes the game possible to play without internet access, it also opens up the ability for hackers to connect with any username they choose.
[16:38:17] [Server thread/WARN]: To change this, set "online-mode" to "true" in the server.properties file.
[16:38:17] [Server thread/INFO]: Preparing level "world"
[16:38:17] [Server thread/INFO]: -------- World Settings For [world] --------
[16:38:17] [Server thread/INFO]: Nerfing mobs spawned from spawners: false
[16:38:17] [Server thread/INFO]: Arrow Despawn Rate: 1200 Trident Respawn Rate:1200
[16:38:17] [Server thread/INFO]: View Distance: 10
[16:38:17] [Server thread/INFO]: Simulation Distance: 10
[16:38:17] [Server thread/INFO]: Item Despawn Rate: 6000
[16:38:17] [Server thread/INFO]: Item Merge Radius: 2.5
[16:38:17] [Server thread/INFO]: Zombie Aggressive Towards Villager: true
[16:38:17] [Server thread/INFO]: Allow Zombie Pigmen to spawn from portal blocks: true
[16:38:17] [Server thread/INFO]: Experience Merge Radius: 3.0
[16:38:17] [Server thread/INFO]: Mob Spawn Range: 6
[16:38:17] [Server thread/INFO]: Cactus Growth Modifier: 100%
[16:38:17] [Server thread/INFO]: Cane Growth Modifier: 100%
[16:38:17] [Server thread/INFO]: Melon Growth Modifier: 100%
[16:38:17] [Server thread/INFO]: Mushroom Growth Modifier: 100%
[16:38:17] [Server thread/INFO]: Pumpkin Growth Modifier: 100%
[16:38:17] [Server thread/INFO]: Sapling Growth Modifier: 100%
[16:38:17] [Server thread/INFO]: Beetroot Growth Modifier: 100%
[16:38:17] [Server thread/INFO]: Carrot Growth Modifier: 100%
[16:38:17] [Server thread/INFO]: Potato Growth Modifier: 100%
[16:38:17] [Server thread/INFO]: Wheat Growth Modifier: 100%
[16:38:17] [Server thread/INFO]: NetherWart Growth Modifier: 100%
[16:38:17] [Server thread/INFO]: Vine Growth Modifier: 100%
[16:38:17] [Server thread/INFO]: Cocoa Growth Modifier: 100%
[16:38:17] [Server thread/INFO]: Bamboo Growth Modifier: 100%
[16:38:17] [Server thread/INFO]: SweetBerry Growth Modifier: 100%
[16:38:17] [Server thread/INFO]: Kelp Growth Modifier: 100%
[16:38:17] [Server thread/INFO]: TwistingVines Growth Modifier: 100%
[16:38:17] [Server thread/INFO]: WeepingVines Growth Modifier: 100%
[16:38:17] [Server thread/INFO]: CaveVines Growth Modifier: 100%
[16:38:17] [Server thread/INFO]: Entity Activation Range: An 32 / Mo 32 / Ra 48 / Mi 16 / Tiv true / Isa false
[16:38:17] [Server thread/INFO]: Entity Tracking Range: Pl 48 / An 48 / Mo 48 / Mi 32 / Di 128 / Other 64
[16:38:17] [Server thread/INFO]: Hopper Transfer: 8 Hopper Check: 1 Hopper Amount: 1 Hopper Can Load Chunks: false
[16:38:17] [Server thread/INFO]: Custom Map Seeds:  Village: 10387312 Desert: 14357617 Igloo: 14357618 Jungle: 14357619 Swamp: 14357620 Monument: 10387313 Ocean: 14357621 Shipwreck: 165745295 End City: 10387313 Slime: 987234911 Nether: 30084232 Mansion: 10387319 Fossil: 14357921 Portal: 34222645
[16:38:17] [Server thread/INFO]: Max TNT Explosions: 100
[16:38:17] [Server thread/INFO]: Tile Max Tick Time: 50ms Entity max Tick Time: 50ms
[16:38:17] [Server thread/INFO]: -------- World Settings For [world_nether] --------
[16:38:17] [Server thread/INFO]: Nerfing mobs spawned from spawners: false
[16:38:17] [Server thread/INFO]: Arrow Despawn Rate: 1200 Trident Respawn Rate:1200
[16:38:17] [Server thread/INFO]: View Distance: 10
[16:38:17] [Server thread/INFO]: Simulation Distance: 10
[16:38:17] [Server thread/INFO]: Item Despawn Rate: 6000
[16:38:17] [Server thread/INFO]: Item Merge Radius: 2.5
[16:38:17] [Server thread/INFO]: Zombie Aggressive Towards Villager: true
[16:38:17] [Server thread/INFO]: Allow Zombie Pigmen to spawn from portal blocks: true
[16:38:17] [Server thread/INFO]: Experience Merge Radius: 3.0
[16:38:17] [Server thread/INFO]: Mob Spawn Range: 6
[16:38:17] [Server thread/INFO]: Cactus Growth Modifier: 100%
[16:38:17] [Server thread/INFO]: Cane Growth Modifier: 100%
[16:38:17] [Server thread/INFO]: Melon Growth Modifier: 100%
[16:38:17] [Server thread/INFO]: Mushroom Growth Modifier: 100%
[16:38:17] [Server thread/INFO]: Pumpkin Growth Modifier: 100%
[16:38:17] [Server thread/INFO]: Sapling Growth Modifier: 100%
[16:38:17] [Server thread/INFO]: Beetroot Growth Modifier: 100%
[16:38:17] [Server thread/INFO]: Carrot Growth Modifier: 100%
[16:38:17] [Server thread/INFO]: Potato Growth Modifier: 100%
[16:38:17] [Server thread/INFO]: Wheat Growth Modifier: 100%
[16:38:17] [Server thread/INFO]: NetherWart Growth Modifier: 100%
[16:38:17] [Server thread/INFO]: Vine Growth Modifier: 100%
[16:38:17] [Server thread/INFO]: Cocoa Growth Modifier: 100%
[16:38:17] [Server thread/INFO]: Bamboo Growth Modifier: 100%
[16:38:17] [Server thread/INFO]: SweetBerry Growth Modifier: 100%
[16:38:17] [Server thread/INFO]: Kelp Growth Modifier: 100%
[16:38:17] [Server thread/INFO]: TwistingVines Growth Modifier: 100%
[16:38:17] [Server thread/INFO]: WeepingVines Growth Modifier: 100%
[16:38:17] [Server thread/INFO]: CaveVines Growth Modifier: 100%
[16:38:17] [Server thread/INFO]: Entity Activation Range: An 32 / Mo 32 / Ra 48 / Mi 16 / Tiv true / Isa false
[16:38:17] [Server thread/INFO]: Entity Tracking Range: Pl 48 / An 48 / Mo 48 / Mi 32 / Di 128 / Other 64
[16:38:17] [Server thread/INFO]: Hopper Transfer: 8 Hopper Check: 1 Hopper Amount: 1 Hopper Can Load Chunks: false
[16:38:17] [Server thread/INFO]: Custom Map Seeds:  Village: 10387312 Desert: 14357617 Igloo: 14357618 Jungle: 14357619 Swamp: 14357620 Monument: 10387313 Ocean: 14357621 Shipwreck: 165745295 End City: 10387313 Slime: 987234911 Nether: 30084232 Mansion: 10387319 Fossil: 14357921 Portal: 34222645
[16:38:17] [Server thread/INFO]: Max TNT Explosions: 100
[16:38:17] [Server thread/INFO]: Tile Max Tick Time: 50ms Entity max Tick Time: 50ms
[16:38:25] [Server thread/INFO]: -------- World Settings For [world_the_end] --------
[16:38:25] [Server thread/INFO]: Nerfing mobs spawned from spawners: false
[16:38:25] [Server thread/INFO]: Arrow Despawn Rate: 1200 Trident Respawn Rate:1200
[16:38:25] [Server thread/INFO]: View Distance: 10
[16:38:25] [Server thread/INFO]: Simulation Distance: 10
[16:38:25] [Server thread/INFO]: Item Despawn Rate: 6000
[16:38:25] [Server thread/INFO]: Item Merge Radius: 2.5
[16:38:25] [Server thread/INFO]: Zombie Aggressive Towards Villager: true
[16:38:25] [Server thread/INFO]: Allow Zombie Pigmen to spawn from portal blocks: true
[16:38:25] [Server thread/INFO]: Experience Merge Radius: 3.0
[16:38:25] [Server thread/INFO]: Mob Spawn Range: 6
[16:38:25] [Server thread/INFO]: Cactus Growth Modifier: 100%
[16:38:25] [Server thread/INFO]: Cane Growth Modifier: 100%
[16:38:25] [Server thread/INFO]: Melon Growth Modifier: 100%
[16:38:25] [Server thread/INFO]: Mushroom Growth Modifier: 100%
[16:38:25] [Server thread/INFO]: Pumpkin Growth Modifier: 100%
[16:38:25] [Server thread/INFO]: Sapling Growth Modifier: 100%
[16:38:25] [Server thread/INFO]: Beetroot Growth Modifier: 100%
[16:38:25] [Server thread/INFO]: Carrot Growth Modifier: 100%
[16:38:25] [Server thread/INFO]: Potato Growth Modifier: 100%
[16:38:25] [Server thread/INFO]: Wheat Growth Modifier: 100%
[16:38:25] [Server thread/INFO]: NetherWart Growth Modifier: 100%
[16:38:25] [Server thread/INFO]: Vine Growth Modifier: 100%
[16:38:25] [Server thread/INFO]: Cocoa Growth Modifier: 100%
[16:38:25] [Server thread/INFO]: Bamboo Growth Modifier: 100%
[16:38:25] [Server thread/INFO]: SweetBerry Growth Modifier: 100%
[16:38:25] [Server thread/INFO]: Kelp Growth Modifier: 100%
[16:38:25] [Server thread/INFO]: TwistingVines Growth Modifier: 100%
[16:38:25] [Server thread/INFO]: WeepingVines Growth Modifier: 100%
[16:38:25] [Server thread/INFO]: CaveVines Growth Modifier: 100%
[16:38:25] [Server thread/INFO]: Entity Activation Range: An 32 / Mo 32 / Ra 48 / Mi 16 / Tiv true / Isa false
[16:38:25] [Server thread/INFO]: Entity Tracking Range: Pl 48 / An 48 / Mo 48 / Mi 32 / Di 128 / Other 64
[16:38:25] [Server thread/INFO]: Hopper Transfer: 8 Hopper Check: 1 Hopper Amount: 1 Hopper Can Load Chunks: false
[16:38:25] [Server thread/INFO]: Custom Map Seeds:  Village: 10387312 Desert: 14357617 Igloo: 14357618 Jungle: 14357619 Swamp: 14357620 Monument: 10387313 Ocean: 14357621 Shipwreck: 165745295 End City: 10387313 Slime: 987234911 Nether: 30084232 Mansion: 10387319 Fossil: 14357921 Portal: 34222645
[16:38:25] [Server thread/INFO]: Max TNT Explosions: 100
[16:38:25] [Server thread/INFO]: Tile Max Tick Time: 50ms Entity max Tick Time: 50ms
[16:38:25] [Server thread/INFO]: Preparing start region for dimension minecraft:overworld
[16:38:33] [Worker-Main-1/INFO]: Preparing spawn area: 0%
[16:38:33] [Worker-Main-1/INFO]: Preparing spawn area: 0%
[16:38:33] [Worker-Main-1/INFO]: Preparing spawn area: 0%
[16:38:33] [Worker-Main-1/INFO]: Preparing spawn area: 0%
[16:38:33] [Worker-Main-1/INFO]: Preparing spawn area: 0%
[16:38:33] [Worker-Main-1/INFO]: Preparing spawn area: 0%
[16:38:33] [Worker-Main-1/INFO]: Preparing spawn area: 0%
[16:38:33] [Worker-Main-1/INFO]: Preparing spawn area: 0%
[16:38:33] [Worker-Main-1/INFO]: Preparing spawn area: 0%
[16:38:33] [Worker-Main-1/INFO]: Preparing spawn area: 0%
[16:38:33] [Worker-Main-1/INFO]: Preparing spawn area: 0%
[16:38:33] [Worker-Main-1/INFO]: Preparing spawn area: 0%
[16:38:33] [Worker-Main-1/INFO]: Preparing spawn area: 0%
[16:38:33] [Worker-Main-1/INFO]: Preparing spawn area: 0%
[16:38:33] [Worker-Main-1/INFO]: Preparing spawn area: 0%
[16:38:33] [Worker-Main-1/INFO]: Preparing spawn area: 0%
[16:38:33] [Worker-Main-1/INFO]: Preparing spawn area: 0%
[16:38:34] [Worker-Main-1/INFO]: Preparing spawn area: 0%
[16:38:34] [Worker-Main-1/INFO]: Preparing spawn area: 0%
[16:38:35] [Worker-Main-1/INFO]: Preparing spawn area: 0%
[16:38:35] [Worker-Main-1/INFO]: Preparing spawn area: 0%
[16:38:36] [Worker-Main-1/INFO]: Preparing spawn area: 0%
[16:38:36] [Server thread/INFO]: Time elapsed: 11066 ms
[16:38:36] [Server thread/INFO]: Preparing start region for dimension minecraft:the_nether
[16:38:42] [Worker-Main-1/INFO]: Preparing spawn area: 0%
[16:38:42] [Worker-Main-1/INFO]: Preparing spawn area: 0%
[16:38:42] [Worker-Main-1/INFO]: Preparing spawn area: 0%
[16:38:42] [Worker-Main-1/INFO]: Preparing spawn area: 0%
[16:38:42] [Worker-Main-1/INFO]: Preparing spawn area: 0%
[16:38:42] [Worker-Main-1/INFO]: Preparing spawn area: 0%
[16:38:42] [Worker-Main-1/INFO]: Preparing spawn area: 0%
[16:38:42] [Worker-Main-1/INFO]: Preparing spawn area: 0%
[16:38:42] [Worker-Main-1/INFO]: Preparing spawn area: 0%
[16:38:42] [Worker-Main-1/INFO]: Preparing spawn area: 0%
[16:38:42] [Worker-Main-1/INFO]: Preparing spawn area: 0%
[16:38:42] [Worker-Main-1/INFO]: Preparing spawn area: 0%
[16:38:42] [Worker-Main-1/INFO]: Preparing spawn area: 0%
[16:38:43] [Worker-Main-1/INFO]: Preparing spawn area: 0%
[16:38:43] [Worker-Main-1/INFO]: Preparing spawn area: 0%
[16:38:44] [Server thread/INFO]: Time elapsed: 7736 ms
[16:38:44] [Server thread/INFO]: Preparing start region for dimension minecraft:the_end
[16:38:48] [Worker-Main-1/INFO]: Preparing spawn area: 0%
[16:38:48] [Worker-Main-1/INFO]: Preparing spawn area: 0%
[16:38:48] [Worker-Main-1/INFO]: Preparing spawn area: 0%
[16:38:48] [Worker-Main-1/INFO]: Preparing spawn area: 0%
[16:38:48] [Worker-Main-1/INFO]: Preparing spawn area: 0%
[16:38:48] [Worker-Main-1/INFO]: Preparing spawn area: 0%
[16:38:48] [Worker-Main-1/INFO]: Preparing spawn area: 0%
[16:38:48] [Worker-Main-1/INFO]: Preparing spawn area: 0%
[16:38:48] [Worker-Main-1/INFO]: Preparing spawn area: 0%
[16:38:49] [Worker-Main-1/INFO]: Preparing spawn area: 0%
[16:38:49] [Worker-Main-1/INFO]: Preparing spawn area: 0%
[16:38:50] [Worker-Main-1/INFO]: Preparing spawn area: 0%
[16:38:50] [Worker-Main-1/INFO]: Preparing spawn area: 0%
[16:38:51] [Worker-Main-1/INFO]: Preparing spawn area: 0%
[16:38:51] [Server thread/INFO]: Time elapsed: 7085 ms
[16:38:51] [Server thread/INFO]: [LoginSecurity] Enabling LoginSecurity v3.2.1
[16:38:51] [Server thread/INFO]: [LoginSecurity] Loading base translations from "en_us"
[16:38:51] [Server thread/INFO]: [LoginSecurity] Loading specified translations from "ko_kr"
[16:38:52] [Server thread/INFO]: [LoginSecurity] Registering commands...
[16:38:52] [Server thread/INFO]: [LoginSecurity] Registering listeners...
[16:38:52] [Server thread/INFO]: [LoginSecurity] Using 1.12+ map captcha renderer
[16:38:52] [Server thread/INFO]: Server permissions file permissions.yml is empty, ignoring it
[16:38:52] [Server thread/INFO]: Done (35.073s)! For help, type "help"
[16:38:54] [User Authenticator #1/INFO]: UUID of player yongjale is 952b6ac4-012e-3ef2-9bb8-0aca88b1133a
[16:38:56] [Server thread/INFO]: yongjale joined the game
[16:38:59] [Server thread/INFO]: yongjale[/211.234.194.232:41581] logged in with entity id 71 at ([world]-1399.5, 69.64999997615814, 2182.057057517577)
[16:39:06] [Server thread/WARN]: Can't keep up! Is the server overloaded? Running 5010ms or 100 ticks behind
[16:40:28] [Server thread/INFO]: Stopping the server
[16:40:28] [Server thread/INFO]: Stopping server
[16:40:28] [Server thread/INFO]: [LoginSecurity] Disabling LoginSecurity v3.2.1
[16:40:28] [Server thread/INFO]: [LoginSecurity] Waiting for queued tasks...
[16:40:28] [Server thread/INFO]: [LoginSecurity] ExecutorService shut down, ready to disable.
[16:40:28] [Server thread/INFO]: Saving players
[16:40:28] [Server thread/INFO]: yongjale lost connection: Server closed
[16:40:28] [Server thread/INFO]: yongjale left the game.
[16:40:28] [Server thread/INFO]: Saving worlds
[16:40:34] [Server thread/INFO]: Saving chunks for level 'ServerLevel[world]'/minecraft:overworld
[16:40:40] [Server thread/INFO]: Saving chunks for level 'ServerLevel[world_nether]'/minecraft:the_nether
[16:40:41] [Server thread/INFO]: Saving chunks for level 'ServerLevel[world_the_end]'/minecraft:the_end
[16:40:41] [Server thread/INFO]: ThreadedAnvilChunkStorage (world): All chunks are saved
[16:40:41] [Server thread/INFO]: ThreadedAnvilChunkStorage (DIM-1): All chunks are saved
[16:40:41] [Server thread/INFO]: ThreadedAnvilChunkStorage (DIM1): All chunks are saved
[16:40:41] [Server thread/INFO]: ThreadedAnvilChunkStorage: All dimensions are saved
